[2017-05-02 12:36:54.570] [WARN] jive-sdk - ******************************
[2017-05-02 12:36:54.572] [WARN] jive-sdk - File persistence is configured.
[2017-05-02 12:36:54.573] [WARN] jive-sdk - Please note that this should
[2017-05-02 12:36:54.573] [WARN] jive-sdk - not be used for production!
[2017-05-02 12:36:54.574] [WARN] jive-sdk - ******************************
[2017-05-02 12:36:54.574] [DEBUG] jive-sdk - File persistence dir at 'db'
[2017-05-02 12:36:54.586] [INFO] jive-sdk - Saving new definition sampletile-list
[2017-05-02 12:36:55.108] [DEBUG] jive-sdk - Registered system event  newInstance :  no description
[2017-05-02 12:36:55.110] [DEBUG] jive-sdk - Registered system event  updateInstance :  no description
[2017-05-02 12:36:55.111] [DEBUG] jive-sdk - Registered event for sampletile-list : 'sampletile-list.10000.0'  Unique to definition
[2017-05-02 12:36:55.117] [DEBUG] jive-sdk - Route added for sampletile-list : [GET] /sampletile-list/action  ->  D:\SampleAddOnTile/tiles/sampletile-list/backend/routes/action/get.js
[2017-05-02 12:36:55.119] [DEBUG] jive-sdk - Route added for sampletile-list : [GET] /sampletile-list/configure  ->  D:\SampleAddOnTile/tiles/sampletile-list/backend/routes/configure/get.js
[2017-05-02 12:36:55.138] [DEBUG] jive-sdk - Creating directory extension_src/i18n
[2017-05-02 12:36:55.161] [DEBUG] jive-sdk - C:\Users\Ionidea\AppData\Roaming\npm\node_modules\jive-sdk\jive-sdk-service\lib\extension/template/i18n/en.properties is not a supported templatable file type. Doing straight copying C:\Users\Ionidea\AppData\Roaming\npm\node_modules\jive-sdk\jive-sdk-service\lib\extension/template/i18n/en.properties -> extension_src/i18n/en.properties
[2017-05-02 12:36:55.162] [DEBUG] jive-sdk - Copying C:\Users\Ionidea\AppData\Roaming\npm\node_modules\jive-sdk\jive-sdk-service\lib\extension/template/i18n/en.properties to extension_src/i18n/en.properties
[2017-05-02 12:36:55.162] [DEBUG] jive-sdk - C:\Users\Ionidea\AppData\Roaming\npm\node_modules\jive-sdk\jive-sdk-service\lib\extension/template/i18n/root.properties is not a supported templatable file type. Doing straight copying C:\Users\Ionidea\AppData\Roaming\npm\node_modules\jive-sdk\jive-sdk-service\lib\extension/template/i18n/root.properties -> extension_src/i18n/root.properties
[2017-05-02 12:36:55.163] [DEBUG] jive-sdk - Copying C:\Users\Ionidea\AppData\Roaming\npm\node_modules\jive-sdk\jive-sdk-service\lib\extension/template/i18n/root.properties to extension_src/i18n/root.properties
[2017-05-02 12:36:55.181] [DEBUG] jive-sdk - definitions:
[
    {
        "sampleData": {
            "title": "sampletile-list tile-list",
            "contents": [
                {
                    "text": "Initial text to be replaced"
                }
            ],
            "config": {
                "listStyle": "contentList"
            }
        },
        "displayName": "sampletile-list",
        "name": "sampletile-list",
        "description": "sampletile-list",
        "style": "LIST",
        "icons": {
            "16": "https://developer.jivesoftware.com/DeveloperAssets/images/icons/jivedev-xsmall.png",
            "48": "https://developer.jivesoftware.com/DeveloperAssets/images/icons/jivedev-small.png",
            "128": "https://developer.jivesoftware.com/DeveloperAssets/images/icons/jivedev-med.png"
        },
        "action": "http://localhost/sampletile-list/action",
        "config": "http://localhost/sampletile-list/configure",
        "unregister": "http://localhost/unregister",
        "register": "http://localhost/registration"
    }
]
[2017-05-02 12:36:55.183] [DEBUG] jive-sdk - templates:
null
[2017-05-02 12:36:55.184] [DEBUG] jive-sdk - apps:
[]
[2017-05-02 12:36:55.187] [DEBUG] jive-sdk - storageDefinitions:
[]
[2017-05-02 12:36:55.188] [DEBUG] jive-sdk - cartridges:
[]
[2017-05-02 12:36:55.195] [DEBUG] jive-sdk - Extension meta: 
{
    "package_version": "1.0",
    "id": "3cf1ecb5-f2be-4936-9e34-35bb18aa7992",
    "type": "client-app",
    "name": "sampletile-list",
    "description": "Description for sampletile-list",
    "minimum_version": "0070300000",
    "icon_16": "extension-16.png",
    "icon_48": "extension-48.png",
    "icon_128": "extension-128.png",
    "redirect_url": "%serviceURL%",
    "released_on": "2017-05-02T07:05:15.375Z",
    "service_url": "http://localhost"
}
[2017-05-02 12:36:55.937] [DEBUG] jive-sdk - Zipping extension_src/definition.json to extension.zip  :  definition.json
[2017-05-02 12:36:55.941] [DEBUG] jive-sdk - Zipping extension_src/meta.json to extension.zip  :  meta.json
[2017-05-02 12:36:55.957] [DEBUG] jive-sdk - Zipping extension_src/data/extension-128.png to extension.zip  :  data/extension-128.png
[2017-05-02 12:36:55.959] [DEBUG] jive-sdk - Zipping extension_src/data/eula.html to extension.zip  :  data/eula.html
[2017-05-02 12:36:55.960] [DEBUG] jive-sdk - Zipping extension_src/data/extension-16.png to extension.zip  :  data/extension-16.png
[2017-05-02 12:36:55.961] [DEBUG] jive-sdk - Zipping extension_src/data/extension-48.png to extension.zip  :  data/extension-48.png
[2017-05-02 12:36:55.963] [DEBUG] jive-sdk - Zipping extension_src/data/install_instructions.html to extension.zip  :  data/install_instructions.html
[2017-05-02 12:36:55.964] [DEBUG] jive-sdk - Zipping extension_src/data/overview.html to extension.zip  :  data/overview.html
[2017-05-02 12:36:55.965] [DEBUG] jive-sdk - Zipping extension_src/data/privacy_policy.html to extension.zip  :  data/privacy_policy.html
[2017-05-02 12:36:55.966] [DEBUG] jive-sdk - Zipping extension_src/data/screenshot_1.png to extension.zip  :  data/screenshot_1.png
[2017-05-02 12:36:55.967] [DEBUG] jive-sdk - Zipping extension_src/data/screenshot_2.png to extension.zip  :  data/screenshot_2.png
[2017-05-02 12:36:55.970] [DEBUG] jive-sdk - Zipping extension_src/i18n/en.properties to extension.zip  :  i18n/en.properties
[2017-05-02 12:36:55.972] [DEBUG] jive-sdk - Zipping extension_src/i18n/root.properties to extension.zip  :  i18n/root.properties
[2017-05-02 12:36:56.039] [INFO] jive-sdk - Updated 2 data file(s): [tileDefinition, jiveExtension]
[2017-05-02 12:37:39.284] [WARN] jive-sdk - ******************************
[2017-05-02 12:37:39.288] [WARN] jive-sdk - File persistence is configured.
[2017-05-02 12:37:39.289] [WARN] jive-sdk - Please note that this should
[2017-05-02 12:37:39.289] [WARN] jive-sdk - not be used for production!
[2017-05-02 12:37:39.289] [WARN] jive-sdk - ******************************
[2017-05-02 12:37:39.290] [DEBUG] jive-sdk - File persistence dir at 'db'
[2017-05-02 12:37:39.299] [INFO] jive-sdk - Updating definition sampletile-list
[2017-05-02 12:37:39.305] [DEBUG] jive-sdk - Registered system event  newInstance :  no description
[2017-05-02 12:37:39.306] [DEBUG] jive-sdk - Registered system event  updateInstance :  no description
[2017-05-02 12:37:39.307] [DEBUG] jive-sdk - Registered event for sampletile-list : 'sampletile-list.10000.0'  Unique to definition
[2017-05-02 12:37:39.313] [DEBUG] jive-sdk - Route added for sampletile-list : [GET] /sampletile-list/action  ->  D:\SampleAddOnTile/tiles/sampletile-list/backend/routes/action/get.js
[2017-05-02 12:37:39.314] [DEBUG] jive-sdk - Route added for sampletile-list : [GET] /sampletile-list/configure  ->  D:\SampleAddOnTile/tiles/sampletile-list/backend/routes/configure/get.js
[2017-05-02 12:37:39.318] [INFO] jive-sdk - Running bootstrap.
[2017-05-02 12:37:39.319] [DEBUG] jive-sdk - Registered system event  newInstance :  Framework handler
[2017-05-02 12:37:39.319] [DEBUG] jive-sdk - Registered system event  updateInstance :  Framework handler
[2017-05-02 12:37:39.319] [DEBUG] jive-sdk - Registered system event  destroyedInstance :  Framework handler
[2017-05-02 12:37:39.319] [DEBUG] jive-sdk - Registered system event  dataPushed :  Framework handler
[2017-05-02 12:37:39.320] [DEBUG] jive-sdk - Registered system event  activityPushed :  Framework handler
[2017-05-02 12:37:39.320] [DEBUG] jive-sdk - Registered system event  commentPushed :  Framework handler
[2017-05-02 12:37:39.320] [DEBUG] jive-sdk - Registered system event  pushDataToJive :  Framework handler
[2017-05-02 12:37:39.321] [DEBUG] jive-sdk - Registered system event  pushActivityToJive :  Framework handler
[2017-05-02 12:37:39.321] [DEBUG] jive-sdk - Registered system event  fetchActivityByExternalIDFromJive :  Framework handler
[2017-05-02 12:37:39.324] [DEBUG] jive-sdk - Registered system event  updateActivityToJive :  Framework handler
[2017-05-02 12:37:39.324] [DEBUG] jive-sdk - Registered system event  pushCommentToJive :  Framework handler
[2017-05-02 12:37:39.325] [DEBUG] jive-sdk - Registered system event  commentOnActivity :  Framework handler
[2017-05-02 12:37:39.325] [DEBUG] jive-sdk - Registered system event  commentOnActivityByExternalID :  Framework handler
[2017-05-02 12:37:39.326] [DEBUG] jive-sdk - Registered system event  fetchCommentsOnActivity :  Framework handler
[2017-05-02 12:37:39.326] [DEBUG] jive-sdk - Registered system event  fetchCommentOnActivityByExternalID :  no description
[2017-05-02 12:37:39.326] [DEBUG] jive-sdk - Registered system event  fetchActivityByExternalIDFromJive :  Framework handler
[2017-05-02 12:37:39.327] [DEBUG] jive-sdk - Registered system event  fetchAllCommentsForExtstream :  Framework handler
[2017-05-02 12:37:39.328] [DEBUG] jive-sdk - Registered system event  registration :  no description
[2017-05-02 12:37:39.330] [DEBUG] jive-sdk - Registered system event  unregistration :  no description
[2017-05-02 12:37:39.330] [DEBUG] jive-sdk - Registered system event  clientAppRegistration :  Framework handler
[2017-05-02 12:37:39.330] [DEBUG] jive-sdk - Registered system event  clientAppUnregistration :  Framework handler
[2017-05-02 12:37:39.331] [DEBUG] jive-sdk - Registered system event  getPaginatedResults :  Framework handler
[2017-05-02 12:37:39.331] [DEBUG] jive-sdk - Registered system event  getExternalProps :  Framework handler
[2017-05-02 12:37:39.331] [DEBUG] jive-sdk - Registered system event  setExternalProps :  Framework handler
[2017-05-02 12:37:39.331] [DEBUG] jive-sdk - Registered system event  deleteExternalProps :  Framework handler
[2017-05-02 12:37:39.332] [WARN] jive-sdk - Starting service in HTTP mode
[2017-05-02 12:37:39.335] [DEBUG] jive-sdk - Global framework routes:
[2017-05-02 12:37:39.335] [DEBUG] jive-sdk - POST /registration
[2017-05-02 12:37:39.336] [DEBUG] jive-sdk - POST /unregister
[2017-05-02 12:37:39.336] [DEBUG] jive-sdk - POST /jive/oauth/register
[2017-05-02 12:37:39.336] [DEBUG] jive-sdk - Global dev framework routes:
[2017-05-02 12:37:39.337] [DEBUG] jive-sdk - /dev/tiles
[2017-05-02 12:37:39.337] [DEBUG] jive-sdk - setupExpressApp - Complete.
[2017-05-02 12:37:39.338] [INFO] jive-sdk - Http node setup
[2017-05-02 12:37:39.356] [DEBUG] jive-sdk - definitions:
[
    {
        "sampleData": {
            "title": "sampletile-list tile-list",
            "contents": [
                {
                    "text": "Initial text to be replaced"
                }
            ],
            "config": {
                "listStyle": "contentList"
            }
        },
        "displayName": "sampletile-list",
        "name": "sampletile-list",
        "description": "sampletile-list",
        "style": "LIST",
        "icons": {
            "16": "https://developer.jivesoftware.com/DeveloperAssets/images/icons/jivedev-xsmall.png",
            "48": "https://developer.jivesoftware.com/DeveloperAssets/images/icons/jivedev-small.png",
            "128": "https://developer.jivesoftware.com/DeveloperAssets/images/icons/jivedev-med.png"
        },
        "action": "http://localhost/sampletile-list/action",
        "config": "http://localhost/sampletile-list/configure",
        "unregister": "http://localhost/unregister",
        "register": "http://localhost/registration"
    }
]
[2017-05-02 12:37:39.357] [DEBUG] jive-sdk - templates:
null
[2017-05-02 12:37:39.357] [DEBUG] jive-sdk - apps:
[]
[2017-05-02 12:37:39.358] [DEBUG] jive-sdk - storageDefinitions:
[]
[2017-05-02 12:37:39.359] [DEBUG] jive-sdk - cartridges:
[]
[2017-05-02 12:37:39.366] [DEBUG] jive-sdk - Extension meta: 
{
    "package_version": "1.0",
    "id": "3cf1ecb5-f2be-4936-9e34-35bb18aa7992",
    "type": "client-app",
    "name": "sampletile-list",
    "description": "Description for sampletile-list",
    "minimum_version": "0070300000",
    "icon_16": "extension-16.png",
    "icon_48": "extension-48.png",
    "icon_128": "extension-128.png",
    "redirect_url": "%serviceURL%",
    "released_on": "2017-05-02T07:05:15.375Z",
    "service_url": "http://localhost"
}
[2017-05-02 12:37:39.461] [DEBUG] jive-sdk - Zipping extension_src/definition.json to extension.zip  :  definition.json
[2017-05-02 12:37:39.464] [DEBUG] jive-sdk - Zipping extension_src/meta.json to extension.zip  :  meta.json
[2017-05-02 12:37:39.476] [DEBUG] jive-sdk - Zipping extension_src/data/eula.html to extension.zip  :  data/eula.html
[2017-05-02 12:37:39.477] [DEBUG] jive-sdk - Zipping extension_src/data/extension-128.png to extension.zip  :  data/extension-128.png
[2017-05-02 12:37:39.478] [DEBUG] jive-sdk - Zipping extension_src/data/extension-16.png to extension.zip  :  data/extension-16.png
[2017-05-02 12:37:39.478] [DEBUG] jive-sdk - Zipping extension_src/data/extension-48.png to extension.zip  :  data/extension-48.png
[2017-05-02 12:37:39.479] [DEBUG] jive-sdk - Zipping extension_src/data/install_instructions.html to extension.zip  :  data/install_instructions.html
[2017-05-02 12:37:39.479] [DEBUG] jive-sdk - Zipping extension_src/data/overview.html to extension.zip  :  data/overview.html
[2017-05-02 12:37:39.480] [DEBUG] jive-sdk - Zipping extension_src/data/privacy_policy.html to extension.zip  :  data/privacy_policy.html
[2017-05-02 12:37:39.480] [DEBUG] jive-sdk - Zipping extension_src/data/screenshot_1.png to extension.zip  :  data/screenshot_1.png
[2017-05-02 12:37:39.481] [DEBUG] jive-sdk - Zipping extension_src/data/screenshot_2.png to extension.zip  :  data/screenshot_2.png
[2017-05-02 12:37:39.484] [DEBUG] jive-sdk - Zipping extension_src/i18n/en.properties to extension.zip  :  i18n/en.properties
[2017-05-02 12:37:39.485] [DEBUG] jive-sdk - Zipping extension_src/i18n/root.properties to extension.zip  :  i18n/root.properties
[2017-05-02 12:37:39.556] [INFO] jive-sdk - Bootstrap complete.
[2017-05-02 12:37:39.556] [INFO] jive-sdk - Jive SDK version 0.2.17
[2017-05-02 12:37:39.556] [INFO] jive-sdk - Started service in  self-contained mode
[2017-05-02 12:37:39.558] [DEBUG] jive-sdk - Scheduled task: sampletile-list.10000.0 10000
[2017-05-02 12:37:39.559] [INFO] jive-sdk - Service started in development mode
[2017-05-02 12:37:54.294] [INFO] jive-sdk - Updated 2 data file(s): [tileDefinition, jiveExtension]
